<?xml version="1.0" encoding="UTF-8"?>
<testng-results ignored="0" total="1" passed="1" failed="0" skipped="0">
  <reporter-output>
  </reporter-output>
  <suite started-at="2026-03-13T14:16:42 IST" name="Surefire suite" finished-at="2026-03-13T14:17:13 IST" duration-ms="30697">
    <groups>
    </groups>
    <test started-at="2026-03-13T14:16:42 IST" name="Surefire test" finished-at="2026-03-13T14:17:13 IST" duration-ms="30697">
      <class name="Test1">
        <test-method signature="testgoogle()[pri:0, instance:Test1@794cb805]" started-at="2026-03-13T14:16:42 IST" name="testgoogle" finished-at="2026-03-13T14:17:13 IST" duration-ms="30614" status="PASS">
          <reporter-output>
          </reporter-output>
        </test-method> <!-- testgoogle -->
      </class> <!-- Test1 -->
    </test> <!-- Surefire test -->
  </suite> <!-- Surefire suite -->
</testng-results>
