<?xml version="1.0" encoding="UTF-8"?>
<testng-results ignored="0" total="1" passed="1" failed="0" skipped="0">
  <reporter-output>
  </reporter-output>
  <suite started-at="2026-03-12T23:30:07 IST" name="Suite" finished-at="2026-03-12T23:30:17 IST" duration-ms="9197">
    <groups>
    </groups>
    <test started-at="2026-03-12T23:30:07 IST" name="Test" finished-at="2026-03-12T23:30:17 IST" duration-ms="9197">
      <class name="test1">
        <test-method signature="testgoogle()[pri:0, instance:test1@74235045]" started-at="2026-03-12T23:30:08 IST" name="testgoogle" finished-at="2026-03-12T23:30:17 IST" duration-ms="9100" status="PASS">
          <reporter-output>
          </reporter-output>
        </test-method> <!-- testgoogle -->
      </class> <!-- test1 -->
    </test> <!-- Test -->
  </suite> <!-- Suite -->
</testng-results>
